<?xml version="1.0" encoding="UTF-8"?>
<testsuite xmlns:xsi="http://www.w3.org/2001/XMLSchema-instance" xsi:noNamespaceSchemaLocation="https://maven.apache.org/surefire/maven-surefire-plugin/xsd/surefire-test-report.xsd" version="3.0.2" name="fr.s42.numbers.NumberWorkerTest" time="0.104" tests="24" errors="0" skipped="0" failures="0" flakes="0">
  <properties>
[...]
</properties>
  <testcase name="isPrimeForNotPrimes(int)[1]" classname="fr.s42.numbers.NumberWorkerTest" time="0.027"/>
  <testcase name="isPrimeForNotPrimes(int)[2]" classname="fr.s42.numbers.NumberWorkerTest" time="0.001"/>
  <testcase name="isPrimeForNotPrimes(int)[3]" classname="fr.s42.numbers.NumberWorkerTest" time="0.001"/>
  <testcase name="isPrimeForNotPrimes(int)[4]" classname="fr.s42.numbers.NumberWorkerTest" time="0.002"/>
  <testcase name="isPrimeForNotPrimes(int)[5]" classname="fr.s42.numbers.NumberWorkerTest" time="0.001"/>
  <testcase name="testDigitsSumCsvFile(int, int)[1]" classname="fr.s42.numbers.NumberWorkerTest" time="0.002"/>
  <testcase name="testDigitsSumCsvFile(int, int)[2]" classname="fr.s42.numbers.NumberWorkerTest" time="0.001"/>
  <testcase name="testDigitsSumCsvFile(int, int)[3]" classname="fr.s42.numbers.NumberWorkerTest" time="0.0"/>
  <testcase name="testDigitsSumCsvFile(int, int)[4]" classname="fr.s42.numbers.NumberWorkerTest" time="0.0"/>
  <testcase name="testDigitsSumCsvFile(int, int)[5]" classname="fr.s42.numbers.NumberWorkerTest" time="0.001"/>
  <testcase name="testDigitsSumCsvFile(int, int)[6]" classname="fr.s42.numbers.NumberWorkerTest" time="0.001"/>
  <testcase name="testDigitsSumCsvFile(int, int)[7]" classname="fr.s42.numbers.NumberWorkerTest" time="0.001"/>
  <testcase name="testDigitsSumCsvFile(int, int)[8]" classname="fr.s42.numbers.NumberWorkerTest" time="0.0"/>
  <testcase name="testDigitsSumCsvFile(int, int)[9]" classname="fr.s42.numbers.NumberWorkerTest" time="0.0"/>
  <testcase name="isPrimeForIncorrectNumber(int)[1]" classname="fr.s42.numbers.NumberWorkerTest" time="0.002"/>
  <testcase name="isPrimeForIncorrectNumber(int)[2]" classname="fr.s42.numbers.NumberWorkerTest" time="0.001"/>
  <testcase name="isPrimeForIncorrectNumber(int)[3]" classname="fr.s42.numbers.NumberWorkerTest" time="0.0"/>
  <testcase name="isPrimeForIncorrectNumber(int)[4]" classname="fr.s42.numbers.NumberWorkerTest" time="0.001"/>
  <testcase name="isPrimeForPrimes(int)[1]" classname="fr.s42.numbers.NumberWorkerTest" time="0.001"/>
  <testcase name="isPrimeForPrimes(int)[2]" classname="fr.s42.numbers.NumberWorkerTest" time="0.001"/>
  <testcase name="isPrimeForPrimes(int)[3]" classname="fr.s42.numbers.NumberWorkerTest" time="0.0"/>
  <testcase name="isPrimeForPrimes(int)[4]" classname="fr.s42.numbers.NumberWorkerTest" time="0.001"/>
  <testcase name="isPrimeForPrimes(int)[5]" classname="fr.s42.numbers.NumberWorkerTest" time="0.001"/>
  <testcase name="isPrimeForPrimes(int)[6]" classname="fr.s42.numbers.NumberWorkerTest" time="0.001"/>
</testsuite>