<?xml version="1.0" encoding="UTF-8"?>
<testsuite xmlns:xsi="http://www.w3.org/2001/XMLSchema-instance" xsi:noNamespaceSchemaLocation="https://maven.apache.org/surefire/maven-surefire-plugin/xsd/surefire-test-report.xsd" version="3.0.2" name="fr.s42.repositories.EmbeddedDataSourceTest" time="0.005" tests="2" errors="0" skipped="0" failures="0" flakes="0">
  <properties>
[...]
</properties>
  <testcase name="testSimpleQuery" classname="fr.s42.repositories.EmbeddedDataSourceTest" time="0.002">
    <system-err><![CDATA[Apr 25, 2026 5:22:05 PM org.springframework.jdbc.datasource.embedded.EmbeddedDatabaseFactory initDatabase
INFO: Starting embedded database: url='jdbc:hsqldb:mem:testdb', username='sa'
]]></system-err>
  </testcase>
  <testcase name="testMethod" classname="fr.s42.repositories.EmbeddedDataSourceTest" time="0.002">
    <system-err><![CDATA[Apr 25, 2026 5:22:05 PM org.springframework.jdbc.datasource.embedded.EmbeddedDatabaseFactory initDatabase
INFO: Starting embedded database: url='jdbc:hsqldb:mem:testdb', username='sa'
]]></system-err>
  </testcase>
</testsuite>